<?xml version="1.0" encoding="UTF-8"?>
<testsuite name="com.mj.prepag.app.AppTests" tests="1" skipped="0" failures="0" errors="0" timestamp="2020-04-28T05:08:24" hostname="Mac-de-Marcos.local" time="0.692">
  <properties/>
  <testcase name="helloGradle()" classname="com.mj.prepag.app.AppTests" time="0.692"/>
  <system-out><![CDATA[02:08:19.632 [Test worker] DEBUG org.springframework.test.context.BootstrapUtils - Instantiating CacheAwareContextLoaderDelegate from class [org.springframework.test.context.cache.DefaultCacheAwareContextLoaderDelegate]
02:08:19.653 [Test worker] DEBUG org.springframework.test.context.BootstrapUtils - Instantiating BootstrapContext using constructor [public org.springframework.test.context.support.DefaultBootstrapContext(java.lang.Class,org.springframework.test.context.CacheAwareContextLoaderDelegate)]
02:08:19.729 [Test worker] DEBUG org.springframework.test.context.BootstrapUtils - Instantiating TestContextBootstrapper for test class [com.mj.prepag.app.AppTests] from class [org.springframework.boot.test.context.SpringBootTestContextBootstrapper]
02:08:19.766 [Test worker] INFO org.springframework.boot.test.context.SpringBootTestContextBootstrapper - Neither @ContextConfiguration nor @ContextHierarchy found for test class [com.mj.prepag.app.AppTests], using SpringBootContextLoader
02:08:19.770 [Test worker] DEBUG org.springframework.test.context.support.AbstractContextLoader - Did not detect default resource location for test class [com.mj.prepag.app.AppTests]: class path resource [com/mj/prepag/app/AppTests-context.xml] does not exist
02:08:19.775 [Test worker] DEBUG org.springframework.test.context.support.AbstractContextLoader - Did not detect default resource location for test class [com.mj.prepag.app.AppTests]: class path resource [com/mj/prepag/app/AppTestsContext.groovy] does not exist
02:08:19.776 [Test worker] INFO org.springframework.test.context.support.AbstractContextLoader - Could not detect default resource locations for test class [com.mj.prepag.app.AppTests]: no resource found for suffixes {-context.xml, Context.groovy}.
02:08:19.868 [Test worker] DEBUG org.springframework.test.context.support.ActiveProfilesUtils - Could not find an 'annotation declaring class' for annotation type [org.springframework.test.context.ActiveProfiles] and class [com.mj.prepag.app.AppTests]
02:08:20.181 [Test worker] DEBUG org.springframework.boot.test.context.SpringBootTestContextBootstrapper - @TestExecutionListeners is not present for class [com.mj.prepag.app.AppTests]: using defaults.
02:08:20.225 [Test worker] INFO org.springframework.boot.test.context.SpringBootTestContextBootstrapper - Loaded default TestExecutionListener class names from location [META-INF/spring.factories]: [org.springframework.boot.test.autoconfigure.restdocs.RestDocsTestExecutionListener, org.springframework.boot.test.autoconfigure.web.client.MockRestServiceServerResetTestExecutionListener, org.springframework.boot.test.autoconfigure.web.servlet.MockMvcPrintOnlyOnFailureTestExecutionListener, org.springframework.boot.test.autoconfigure.web.servlet.WebDriverTestExecutionListener, org.springframework.boot.test.mock.mockito.MockitoTestExecutionListener, org.springframework.boot.test.mock.mockito.ResetMocksTestExecutionListener, org.springframework.test.context.web.ServletTestExecutionListener, org.springframework.test.context.support.DirtiesContextBeforeModesTestExecutionListener, org.springframework.test.context.support.DependencyInjectionTestExecutionListener, org.springframework.test.context.support.DirtiesContextTestExecutionListener, org.springframework.test.context.transaction.TransactionalTestExecutionListener, org.springframework.test.context.jdbc.SqlScriptsTestExecutionListener, org.springframework.test.context.event.EventPublishingTestExecutionListener]
02:08:20.335 [Test worker] DEBUG org.springframework.boot.test.context.SpringBootTestContextBootstrapper - Skipping candidate TestExecutionListener [org.springframework.test.context.transaction.TransactionalTestExecutionListener] due to a missing dependency. Specify custom listener classes or make the default listener classes and their required dependencies available. Offending class: [org/springframework/transaction/interceptor/TransactionAttributeSource]
02:08:20.336 [Test worker] DEBUG org.springframework.boot.test.context.SpringBootTestContextBootstrapper - Skipping candidate TestExecutionListener [org.springframework.test.context.jdbc.SqlScriptsTestExecutionListener] due to a missing dependency. Specify custom listener classes or make the default listener classes and their required dependencies available. Offending class: [org/springframework/transaction/interceptor/TransactionAttribute]
02:08:20.337 [Test worker] INFO org.springframework.boot.test.context.SpringBootTestContextBootstrapper - Using TestExecutionListeners: [org.springframework.test.context.web.ServletTestExecutionListener@1ec16123, org.springframework.test.context.support.DirtiesContextBeforeModesTestExecutionListener@60a29885, org.springframework.boot.test.mock.mockito.MockitoTestExecutionListener@689f6312, org.springframework.boot.test.autoconfigure.SpringBootDependencyInjectionTestExecutionListener@57905095, org.springframework.test.context.support.DirtiesContextTestExecutionListener@424deb3d, org.springframework.test.context.event.EventPublishingTestExecutionListener@36df3541, org.springframework.boot.test.autoconfigure.restdocs.RestDocsTestExecutionListener@25cb577b, org.springframework.boot.test.autoconfigure.web.client.MockRestServiceServerResetTestExecutionListener@700abfaf, org.springframework.boot.test.autoconfigure.web.servlet.MockMvcPrintOnlyOnFailureTestExecutionListener@5d33b690, org.springframework.boot.test.autoconfigure.web.servlet.WebDriverTestExecutionListener@1209e54a, org.springframework.boot.test.mock.mockito.ResetMocksTestExecutionListener@6d0608ff]
02:08:20.346 [Test worker] DEBUG org.springframework.test.context.support.AbstractDirtiesContextTestExecutionListener - Before test class: context [DefaultTestContext@482bcc41 testClass = AppTests, testInstance = [null], testMethod = [null], testException = [null], mergedContextConfiguration = [WebMergedContextConfiguration@557a47e5 testClass = AppTests, locations = '{}', classes = '{class com.mj.prepag.app.App, class com.mj.prepag.app.App}', contextInitializerClasses = '[]', activeProfiles = '{}', propertySourceLocations = '{}', propertySourceProperties = '{org.springframework.boot.test.context.SpringBootTestContextBootstrapper=true}', contextCustomizers = set[org.springframework.boot.test.autoconfigure.properties.PropertyMappingContextCustomizer@4b3fa0b3, org.springframework.boot.test.autoconfigure.web.servlet.WebDriverContextCustomizerFactory$Customizer@6ab5705c, [ImportsContextCustomizer@2be753e key = [org.springframework.boot.test.autoconfigure.web.servlet.MockMvcAutoConfiguration, org.springframework.boot.test.autoconfigure.web.servlet.MockMvcWebClientAutoConfiguration, org.springframework.boot.test.autoconfigure.web.servlet.MockMvcWebDriverAutoConfiguration, org.springframework.boot.autoconfigure.security.servlet.SecurityAutoConfiguration, org.springframework.boot.autoconfigure.security.servlet.UserDetailsServiceAutoConfiguration, org.springframework.boot.test.autoconfigure.web.servlet.MockMvcSecurityConfiguration]], org.springframework.boot.test.context.filter.ExcludeFilterContextCustomizer@7d749305, org.springframework.boot.test.json.DuplicateJsonObjectContextCustomizerFactory$DuplicateJsonObjectContextCustomizer@1c8168c8, org.springframework.boot.test.mock.mockito.MockitoContextCustomizer@0, org.springframework.boot.test.web.client.TestRestTemplateContextCustomizer@40703069], resourceBasePath = 'src/main/webapp', contextLoader = 'org.springframework.boot.test.context.SpringBootContextLoader', parent = [null]], attributes = map['org.springframework.test.context.web.ServletTestExecutionListener.activateListener' -> true]], class annotated with @DirtiesContext [false] with mode [null].
02:08:20.462 [Test worker] DEBUG org.springframework.test.context.support.TestPropertySourceUtils - Adding inlined properties to environment: {spring.jmx.enabled=false, org.springframework.boot.test.context.SpringBootTestContextBootstrapper=true, server.port=-1}

  .   ____          _            __ _ _
 /\\ / ___'_ __ _ _(_)_ __  __ _ \ \ \ \
( ( )\___ | '_ | '_| | '_ \/ _` | \ \ \ \
 \\/  ___)| |_)| | | | | || (_| |  ) ) ) )
  '  |____| .__|_| |_|_| |_\__, | / / / /
 =========|_|==============|___/=/_/_/_/
 :: Spring Boot ::        (v2.2.6.RELEASE)

2020-04-28 02:08:21.592  INFO 53656 --- [    Test worker] com.mj.prepag.app.AppTests               : Starting AppTests on Mac-de-Marcos.local with PID 53656 (started by marcosvieirajr in /Users/marcosvieirajr/Downloads/git/clean-architecture-example/app)
2020-04-28 02:08:21.597  INFO 53656 --- [    Test worker] com.mj.prepag.app.AppTests               : No active profile set, falling back to default profiles: default
2020-04-28 02:08:23.951  INFO 53656 --- [    Test worker] o.s.s.concurrent.ThreadPoolTaskExecutor  : Initializing ExecutorService 'applicationTaskExecutor'
2020-04-28 02:08:24.584  INFO 53656 --- [    Test worker] o.s.b.t.m.w.SpringBootMockServletContext : Initializing Spring TestDispatcherServlet ''
2020-04-28 02:08:24.584  INFO 53656 --- [    Test worker] o.s.t.web.servlet.TestDispatcherServlet  : Initializing Servlet ''
2020-04-28 02:08:24.608  INFO 53656 --- [    Test worker] o.s.b.a.e.web.EndpointLinksResolver      : Exposing 3 endpoint(s) beneath base path '/actuator'
2020-04-28 02:08:24.639  INFO 53656 --- [    Test worker] o.s.t.web.servlet.TestDispatcherServlet  : Completed initialization in 54 ms
2020-04-28 02:08:24.684  INFO 53656 --- [    Test worker] com.mj.prepag.app.AppTests               : Started AppTests in 4.157 seconds (JVM running for 6.45)
]]></system-out>
  <system-err><![CDATA[]]></system-err>
</testsuite>
