<?xml version="1.0" encoding="UTF-8"?>
<testsuite name="com.mj.prepag.core.card.entities.CardTest" tests="6" skipped="0" failures="0" errors="0" timestamp="2020-04-28T05:08:27" hostname="Mac-de-Marcos.local" time="0.03">
  <properties/>
  <testcase name="should2YearsExpiringDateGenerated()" classname="com.mj.prepag.core.card.entities.CardTest" time="0.003"/>
  <testcase name="should3digitsCVVNumberGenerated()" classname="com.mj.prepag.core.card.entities.CardTest" time="0.001"/>
  <testcase name="should4digitsPasswordGenerated()" classname="com.mj.prepag.core.card.entities.CardTest" time="0.001"/>
  <testcase name="shouldencodedPasswordGenerated()" classname="com.mj.prepag.core.card.entities.CardTest" time="0.008"/>
  <testcase name="shoulduuidV4IsGenerated()" classname="com.mj.prepag.core.card.entities.CardTest" time="0.003"/>
  <testcase name="should16digitsCardNumberGenerated()" classname="com.mj.prepag.core.card.entities.CardTest" time="0.007"/>
  <system-out><![CDATA[]]></system-out>
  <system-err><![CDATA[]]></system-err>
</testsuite>
